2025-08-22 11:50:18,918 - INFO - Starting sentence generation...
2025-08-22 11:50:18,918 - INFO - API: http://127.0.0.1:8000
2025-08-22 11:50:18,918 - INFO - Max words: All
2025-08-22 11:50:18,918 - INFO - Delay: 2.0s
2025-08-22 11:50:18,937 - INFO - Found 50 words
2025-08-22 11:50:18,937 - INFO - Processing 50 words
2025-08-22 11:50:18,938 - INFO - 
==================================================
2025-08-22 11:50:18,938 - INFO - Processing word: ақ (ID: 11)
2025-08-22 11:50:18,938 - INFO - ==================================================
2025-08-22 11:50:22,970 - INFO - Generated: Ол ақ қағазға жазды.
2025-08-22 11:50:23,075 - INFO - Created sentence ID: 122
2025-08-22 11:50:24,076 - INFO - 
Translation 1/3: Russian
2025-08-22 11:50:26,664 - INFO - Russian: Он написал на белой бумаге.
2025-08-22 11:50:26,687 - INFO - ✅ Added ru translation
2025-08-22 11:50:26,688 - INFO - 
Translation 2/3: English
2025-08-22 11:50:32,684 - INFO - English: He wrote on a white paper.
2025-08-22 11:50:35,710 - INFO - ✅ Added en translation
2025-08-22 11:50:35,710 - INFO - 
Translation 3/3: Chinese Simplified
2025-08-22 11:50:40,093 - INFO - Chinese Simplified: 他在白纸上写。
2025-08-22 11:50:43,110 - INFO - ✅ Added zh translation
2025-08-22 11:50:43,110 - INFO - SUCCESS: ақ completed! (3/3 translations)
2025-08-22 11:50:43,110 - INFO - Waiting 2.0 seconds...
2025-08-22 11:50:45,125 - INFO - 
==================================================
2025-08-22 11:50:45,125 - INFO - Processing word: бір (ID: 12)
2025-08-22 11:50:45,125 - INFO - ==================================================
2025-08-22 11:50:50,747 - INFO - Generated: Мен бір кітап оқыдым.
2025-08-22 11:50:50,760 - INFO - Created sentence ID: 123
2025-08-22 11:50:51,770 - INFO - 
Translation 1/3: Russian
2025-08-22 11:50:55,068 - INFO - Russian: Я прочитал книгу.
2025-08-22 11:50:55,079 - INFO - ✅ Added ru translation
2025-08-22 11:50:55,079 - INFO - 
Translation 2/3: English
2025-08-22 11:50:58,628 - INFO - English: I read a book.
2025-08-22 11:51:01,644 - INFO - ✅ Added en translation
2025-08-22 11:51:01,644 - INFO - 
Translation 3/3: Chinese Simplified
2025-08-22 11:51:04,951 - INFO - Chinese Simplified: 我读了一本书。
2025-08-22 11:51:07,951 - INFO - ✅ Added zh translation
2025-08-22 11:51:07,951 - INFO - SUCCESS: бір completed! (3/3 translations)
2025-08-22 11:51:07,951 - INFO - Waiting 2.0 seconds...
2025-08-22 11:51:09,953 - INFO - 
==================================================
2025-08-22 11:51:09,953 - INFO - Processing word: екі (ID: 13)
2025-08-22 11:51:09,953 - INFO - ==================================================
2025-08-22 11:51:13,934 - INFO - Generated: Мен екі алма сатып алдым.
2025-08-22 11:51:13,949 - INFO - Created sentence ID: 124
2025-08-22 11:51:14,950 - INFO - 
Translation 1/3: Russian
2025-08-22 11:51:18,385 - INFO - Russian: Я купил два яблока.
2025-08-22 11:51:18,396 - INFO - ✅ Added ru translation
2025-08-22 11:51:18,397 - INFO - 
Translation 2/3: English
2025-08-22 11:51:22,108 - INFO - English: I bought two apples.
2025-08-22 11:51:25,121 - INFO - ✅ Added en translation
2025-08-22 11:51:25,121 - INFO - 
Translation 3/3: Chinese Simplified
2025-08-22 11:51:29,896 - INFO - Chinese Simplified: 我买了两个苹果。
2025-08-22 11:51:32,910 - INFO - ✅ Added zh translation
2025-08-22 11:51:32,911 - INFO - SUCCESS: екі completed! (3/3 translations)
2025-08-22 11:51:32,911 - INFO - Waiting 2.0 seconds...
2025-08-22 11:51:34,916 - INFO - 
==================================================
2025-08-22 11:51:34,916 - INFO - Processing word: үш (ID: 14)
2025-08-22 11:51:34,916 - INFO - ==================================================
2025-08-22 11:51:37,725 - INFO - Generated: Менде үш алма бар.
2025-08-22 11:51:37,737 - INFO - Created sentence ID: 125
2025-08-22 11:51:38,754 - INFO - 
Translation 1/3: Russian
2025-08-22 11:51:41,117 - INFO - Russian: У меня есть три яблока.
2025-08-22 11:51:41,126 - INFO - ✅ Added ru translation
2025-08-22 11:51:41,126 - INFO - 
Translation 2/3: English
2025-08-22 11:51:44,596 - INFO - English: I have three apples.
2025-08-22 11:51:47,617 - INFO - ✅ Added en translation
2025-08-22 11:51:47,617 - INFO - 
Translation 3/3: Chinese Simplified
2025-08-22 11:51:52,264 - INFO - Chinese Simplified: 我有三个苹果。
2025-08-22 11:51:55,275 - INFO - ✅ Added zh translation
2025-08-22 11:51:55,275 - INFO - SUCCESS: үш completed! (3/3 translations)
2025-08-22 11:51:55,275 - INFO - Waiting 2.0 seconds...
2025-08-22 11:51:57,282 - INFO - 
==================================================
2025-08-22 11:51:57,282 - INFO - Processing word: нан (ID: 15)
2025-08-22 11:51:57,282 - INFO - ==================================================
2025-08-22 11:52:02,404 - INFO - Generated: Мен нан жеп жатырмын.
2025-08-22 11:52:02,416 - INFO - Created sentence ID: 126
2025-08-22 11:52:03,416 - INFO - 
Translation 1/3: Russian
2025-08-22 11:52:06,441 - INFO - Russian: Я ем хлеб.
2025-08-22 11:52:06,454 - INFO - ✅ Added ru translation
2025-08-22 11:52:06,454 - INFO - 
Translation 2/3: English
2025-08-22 11:52:10,289 - INFO - English: I am eating bread.
2025-08-22 11:52:13,317 - INFO - ✅ Added en translation
2025-08-22 11:52:13,317 - INFO - 
Translation 3/3: Chinese Simplified
2025-08-22 11:52:17,128 - INFO - Chinese Simplified: 我在吃面包。
2025-08-22 11:52:20,148 - INFO - ✅ Added zh translation
2025-08-22 11:52:20,149 - INFO - SUCCESS: нан completed! (3/3 translations)
2025-08-22 11:52:20,149 - INFO - Progress: 5/50 (100.0% success)
2025-08-22 11:52:20,149 - INFO - Waiting 2.0 seconds...
2025-08-22 11:52:22,162 - INFO - 
==================================================
2025-08-22 11:52:22,162 - INFO - Processing word: ет (ID: 16)
2025-08-22 11:52:22,162 - INFO - ==================================================
2025-08-22 11:52:27,131 - INFO - Generated: Мен кеше ет жедім.
2025-08-22 11:52:27,145 - INFO - Created sentence ID: 127
2025-08-22 11:52:28,159 - INFO - 
Translation 1/3: Russian
