2025-08-22 11:49:37,519 - INFO - Starting sentence generation...
2025-08-22 11:49:37,519 - INFO - API: http://127.0.0.1:8000
2025-08-22 11:49:37,519 - INFO - Max words: 1
2025-08-22 11:49:37,519 - INFO - Delay: 2.0s
2025-08-22 11:49:37,543 - INFO - Found 50 words
2025-08-22 11:49:37,543 - INFO - Processing 1 words
2025-08-22 11:49:37,543 - INFO - 
==================================================
2025-08-22 11:49:37,543 - INFO - Processing word: жасыл (ID: 10)
2025-08-22 11:49:37,543 - INFO - ==================================================
2025-08-22 11:49:42,762 - INFO - Generated: Менің сүйікті түсім - жасыл.
2025-08-22 11:49:42,774 - INFO - Created sentence ID: 121
2025-08-22 11:49:43,777 - INFO - 
Translation 1/3: Russian
2025-08-22 11:49:48,918 - INFO - Russian: Мой любимый цвет - зеленый.
2025-08-22 11:49:48,931 - INFO - ✅ Added ru translation
2025-08-22 11:49:48,931 - INFO - 
Translation 2/3: English
2025-08-22 11:49:53,774 - INFO - English: My favorite color is green.
2025-08-22 11:49:56,799 - INFO - ✅ Added en translation
2025-08-22 11:49:56,799 - INFO - 
Translation 3/3: Chinese Simplified
2025-08-22 11:50:01,434 - INFO - Chinese Simplified: 我最喜欢的颜色是绿色。
2025-08-22 11:50:04,446 - INFO - ✅ Added zh translation
2025-08-22 11:50:04,446 - INFO - SUCCESS: жасыл completed! (3/3 translations)
2025-08-22 11:50:04,446 - INFO - 
============================================================
2025-08-22 11:50:04,446 - INFO - COMPLETED!
2025-08-22 11:50:04,446 - INFO - ============================================================
2025-08-22 11:50:04,446 - INFO - Duration: 0:00:26.926933
2025-08-22 11:50:04,446 - INFO - Processed: 1
2025-08-22 11:50:04,446 - INFO - Successful: 1
2025-08-22 11:50:04,446 - INFO - Failed: 0
2025-08-22 11:50:04,446 - INFO - Success rate: 100.0%
