2025-08-21 11:38:24,187 - INFO - Starting sentence generation...
2025-08-21 11:38:24,187 - INFO - API: http://127.0.0.1:8000
2025-08-21 11:38:24,187 - INFO - Max words: All
2025-08-21 11:38:24,187 - INFO - Delay: 2.0s
2025-08-21 11:38:24,208 - INFO - API Response type: <class 'dict'>
2025-08-21 11:38:24,208 - INFO - Found words in 'words' key with 50 items
2025-08-21 11:38:24,208 - INFO -   Word 1: ана (ID: 5)
2025-08-21 11:38:24,208 - INFO -   Word 2: әке (ID: 6)
2025-08-21 11:38:24,208 - INFO -   Word 3: бала (ID: 7)
2025-08-21 11:38:24,208 - INFO -   Word 4: қызыл (ID: 8)
2025-08-21 11:38:24,208 - INFO -   Word 5: көк (ID: 9)
2025-08-21 11:38:24,208 - INFO -   Word 6: жасыл (ID: 10)
2025-08-21 11:38:24,209 - INFO -   Word 7: ақ (ID: 11)
2025-08-21 11:38:24,209 - INFO -   Word 8: бір (ID: 12)
2025-08-21 11:38:24,209 - INFO -   Word 9: екі (ID: 13)
2025-08-21 11:38:24,209 - INFO -   Word 10: үш (ID: 14)
2025-08-21 11:38:24,209 - INFO -   ... and 40 more words
2025-08-21 11:38:24,209 - INFO - Successfully processed 50 words
2025-08-21 11:38:24,209 - INFO - Found 50 words, processing 50
2025-08-21 11:38:24,209 - INFO - 
==================================================
2025-08-21 11:38:24,209 - INFO - Processing word: ана
2025-08-21 11:38:24,209 - INFO - Word ID: 5
2025-08-21 11:38:24,209 - INFO - ==================================================
2025-08-21 11:38:29,650 - INFO - Generated sentence: Ана сөмкені алып келші.
2025-08-21 11:38:29,754 - INFO - Successfully created sentence with ID: 96
2025-08-21 11:38:29,754 - INFO - Starting translation 1/3 to Russian (ru)...
2025-08-21 11:38:34,704 - INFO - Russian: Принеси, пожалуйста, сумку.
2025-08-21 11:38:34,705 - INFO - Translation received: Принеси, пожалуйста, сумку.
2025-08-21 11:38:34,719 - INFO - Successfully added ru translation
2025-08-21 11:38:34,719 - INFO - ✅ Successfully saved Russian translation
2025-08-21 11:38:34,719 - INFO - Starting translation 2/3 to English (en)...
2025-08-21 11:38:41,004 - INFO - English: Please bring the bag.
2025-08-21 11:38:41,004 - INFO - Translation received: Please bring the bag.
2025-08-21 11:38:41,530 - INFO - Successfully added en translation
2025-08-21 11:38:41,530 - INFO - ✅ Successfully saved English translation
2025-08-21 11:38:41,530 - INFO - Starting translation 3/3 to Chinese Simplified (zh)...
2025-08-21 11:38:46,383 - INFO - Chinese Simplified: 请拿那个包过来。
2025-08-21 11:38:46,384 - INFO - Translation received: 请拿那个包过来。
2025-08-21 11:38:46,904 - INFO - Successfully added zh translation
2025-08-21 11:38:46,904 - INFO - ✅ Successfully saved Chinese Simplified translation
2025-08-21 11:38:46,905 - INFO - SUCCESS: ана completed! (3/3 translations saved)
2025-08-21 11:38:46,905 - INFO - Waiting 2.0 seconds...
2025-08-21 11:38:48,917 - INFO - 
==================================================
2025-08-21 11:38:48,917 - INFO - Processing word: әке
2025-08-21 11:38:48,917 - INFO - Word ID: 6
2025-08-21 11:38:48,917 - INFO - ==================================================
