2025-08-21 11:33:51,102 - INFO - Starting sentence generation...
2025-08-21 11:33:51,102 - INFO - API: http://127.0.0.1:8000
2025-08-21 11:33:51,102 - INFO - Max words: All
2025-08-21 11:33:51,102 - INFO - Delay: 2.0s
2025-08-21 11:33:51,172 - INFO - API Response type: <class 'dict'>
2025-08-21 11:33:51,173 - INFO - Found words in 'words' key with 50 items
2025-08-21 11:33:51,173 - INFO -   Word 1: мысық (ID: 1)
2025-08-21 11:33:51,173 - INFO -   Word 2: ит (ID: 2)
2025-08-21 11:33:51,173 - INFO -   Word 3: жылқы (ID: 3)
2025-08-21 11:33:51,173 - INFO -   Word 4: сиыр (ID: 4)
2025-08-21 11:33:51,173 - INFO -   Word 5: ана (ID: 5)
2025-08-21 11:33:51,173 - INFO -   Word 6: әке (ID: 6)
2025-08-21 11:33:51,173 - INFO -   Word 7: бала (ID: 7)
2025-08-21 11:33:51,173 - INFO -   Word 8: қызыл (ID: 8)
2025-08-21 11:33:51,174 - INFO -   Word 9: көк (ID: 9)
2025-08-21 11:33:51,174 - INFO -   Word 10: жасыл (ID: 10)
2025-08-21 11:33:51,174 - INFO -   ... and 40 more words
2025-08-21 11:33:51,174 - INFO - Successfully processed 50 words
2025-08-21 11:33:51,174 - INFO - Found 50 words, processing 50
2025-08-21 11:33:51,174 - INFO - 
==================================================
2025-08-21 11:33:51,174 - INFO - Processing word: мысық
2025-08-21 11:33:51,174 - INFO - Word ID: 1
2025-08-21 11:33:51,174 - INFO - ==================================================
2025-08-21 11:33:58,516 - INFO - Generated sentence: Менің мысығым үйде жатыр.
2025-08-21 11:33:58,533 - INFO - Successfully created sentence with ID: 92
2025-08-21 11:34:03,748 - INFO - Russian: Мой кот лежит дома.
2025-08-21 11:34:03,764 - INFO - Successfully added ru translation
2025-08-21 11:34:08,469 - INFO - English: My cat is lying at home.
2025-08-21 11:34:08,487 - INFO - Successfully added en translation
2025-08-21 11:34:11,982 - INFO - Chinese Simplified: 我的猫在家里躺着。
2025-08-21 11:34:11,995 - INFO - Successfully added zh translation
2025-08-21 11:34:11,995 - INFO - SUCCESS: мысық completed! (3/3 translations saved)
2025-08-21 11:34:11,995 - INFO - Waiting 2.0 seconds...
2025-08-21 11:34:14,010 - INFO - 
==================================================
2025-08-21 11:34:14,010 - INFO - Processing word: ит
2025-08-21 11:34:14,010 - INFO - Word ID: 2
2025-08-21 11:34:14,010 - INFO - ==================================================
2025-08-21 11:34:19,613 - INFO - Generated sentence: Менің итім жақсы.
2025-08-21 11:34:19,627 - INFO - Successfully created sentence with ID: 93
